<?xml version="1.0" encoding="UTF-8"?>
<!-- Generated by org.testng.reporters.JUnitReportReporter -->
<testsuite hostname="LAPTOP-T6HK3KUO" failures="0" tests="1" name="parallelTest.CrossBrowserScript" time="3.788" errors="0" timestamp="2021-12-02T14:24:08 CST" skipped="0">
  <testcase classname="parallelTest.CrossBrowserScript" name="testParameterWithXML" time="3.788"/>
  <system-out/>
</testsuite> <!-- parallelTest.CrossBrowserScript -->
